{
  "RSpec": {
    "coverage": {
      "/home/helen/CP210_Exercises/ticketee/app/controllers/application_controller.rb": [
        1,
        1,
        null
      ],
      "/home/helen/CP210_Exercises/ticketee/app/helpers/application_helper.rb": [
        1,
        1,
        1,
        1,
        1,
        null,
        null,
        null,
        null
      ],
      "/home/helen/CP210_Exercises/ticketee/app/helpers/projects_helper.rb": [
        1,
        null
      ],
      "/home/helen/CP210_Exercises/ticketee/app/controllers/projects_controller.rb": [
        1,
        1,
        3,
        null,
        null,
        1,
        0,
        null,
        null,
        1,
        0,
        0,
        0,
        0,
        null,
        0,
        0,
        null,
        null,
        null,
        1,
        1,
        null,
        null,
        1,
        0,
        null,
        null,
        1,
        0,
        0,
        0,
        0,
        null,
        0,
        0,
        null,
        null,
        null,
        1,
        1,
        1,
        1,
        1,
        null,
        null,
        null
      ],
      "/home/helen/CP210_Exercises/ticketee/app/models/project.rb": [
        1,
        1,
        null,
        1,
        null
      ]
    },
    "timestamp": 1366581952
  }
}
